<?xml version="1.0" encoding="UTF-8"?>
<!-- Generated by org.testng.reporters.JUnitReportReporter -->
<testsuite hostname="DESKTOP-BJ49A8N" failures="0" tests="2" name="TestNGTestCases.Testcase1" time="0.012" errors="0" timestamp="2022-06-28T14:25:18 IST" skipped="0">
  <testcase classname="TestNGTestCases.Testcase1" name="doUserReg" time="0.007"/>
  <system-out/>
  <testcase classname="TestNGTestCases.Testcase1" name="doLogin" time="0.005"/>
  <system-out/>
</testsuite> <!-- TestNGTestCases.Testcase1 -->
