<?xml version="1.0" encoding="UTF-8"?>
<!-- Generated by org.testng.reporters.JUnitReportReporter -->
<testsuite hostname="DESKTOP-BJ49A8N" failures="0" tests="3" name="grid.Gridtest" time="26.608" errors="0" timestamp="2022-07-03T21:43:43 IST" skipped="0">
  <testcase classname="grid.Gridtest" name="geturl" time="0.003"/>
  <system-out/>
  <testcase classname="grid.Gridtest" name="dis" time="26.601"/>
  <system-out/>
  <testcase classname="grid.Gridtest" name="emp" time="0.004"/>
  <system-out/>
</testsuite> <!-- grid.Gridtest -->
