<?xml version="1.0" encoding="UTF-8"?>
<!-- Generated by org.testng.reporters.JUnitReportReporter -->
<testsuite hostname="DESKTOP-BJ49A8N" failures="0" tests="2" name="TestNGRegression.Testcase1" time="0.052" errors="0" timestamp="2022-06-28T13:57:08 IST" skipped="0">
  <testcase classname="TestNGRegression.Testcase1" name="doUserReg" time="0.048"/>
  <system-out/>
  <testcase classname="TestNGRegression.Testcase1" name="doLogin" time="0.004"/>
  <system-out/>
</testsuite> <!-- TestNGRegression.Testcase1 -->
