<?xml version="1.0" encoding="UTF-8"?>
<!-- Generated by org.testng.reporters.JUnitReportReporter -->
<testsuite hostname="DESKTOP-BJ49A8N" failures="0" tests="3" name="TestNGParameterizationDataprovider.Dataprovider" time="0.022" errors="0" timestamp="2022-06-28T14:40:50 IST" skipped="0">
  <testcase classname="TestNGParameterizationDataprovider.Dataprovider" name="LoginCredentials" time="0.010"/>
  <system-out/>
  <testcase classname="TestNGParameterizationDataprovider.Dataprovider" name="LoginCredentials" time="0.004"/>
  <system-out/>
  <testcase classname="TestNGParameterizationDataprovider.Dataprovider" name="LoginCredentials" time="0.008"/>
  <system-out/>
</testsuite> <!-- TestNGParameterizationDataprovider.Dataprovider -->
