<?xml version="1.0" encoding="UTF-8"?>
<!-- Generated by org.testng.reporters.JUnitReportReporter -->
<testsuite hostname="DESKTOP-BJ49A8N" failures="0" tests="2" name="TestNGTestCases.Testcase" time="0.023" errors="0" timestamp="2022-06-28T12:44:32 IST" skipped="0">
  <testcase classname="TestNGTestCases.Testcase" name="setUp" time="0.018"/>
  <system-out/>
  <testcase classname="TestNGTestCases.Testcase" name="tearDown" time="0.005"/>
  <system-out/>
</testsuite> <!-- TestNGTestCases.Testcase -->
