<?xml version="1.0" encoding="UTF-8"?>
<!-- Generated by org.testng.reporters.JUnitReportReporter -->
<testsuite hostname="DESKTOP-BJ49A8N" failures="0" tests="1" name="TestNGParameterizationthroughxmlfile.TestParametersFromXML" time="0.013" errors="0" timestamp="2022-06-28T15:23:00 IST" skipped="0">
  <testcase classname="TestNGParameterizationthroughxmlfile.TestParametersFromXML" name="geturl" time="0.013"/>
  <system-out/>
</testsuite> <!-- TestNGParameterizationthroughxmlfile.TestParametersFromXML -->
