<?xml version="1.0" encoding="UTF-8"?>
<!-- Generated by org.testng.reporters.JUnitReportReporter -->
<testsuite hostname="DESKTOP-BJ49A8N" failures="0" tests="1" name="TestNGTestCases.TesSkip" time="0.020" errors="0" timestamp="2022-06-28T14:22:54 IST" skipped="1">
  <testcase classname="TestNGTestCases.TesSkip" name="isSkip" time="0.020">
    <skipped/>
  </testcase> <!-- isSkip -->
  <system-out/>
</testsuite> <!-- TestNGTestCases.TesSkip -->
