<?xml version="1.0" encoding="UTF-8"?>
<!-- Generated by org.testng.reporters.JUnitReportReporter -->
<testsuite hostname="DESKTOP-BJ49A8N" failures="0" tests="4" name="TestNGParameterizationDataprovider.NewLoginTest" time="0.039" errors="0" timestamp="2022-06-28T15:07:22 IST" skipped="0">
  <testcase classname="TestNGParameterizationDataprovider.NewLoginTest" name="testLogin" time="0.003"/>
  <system-out/>
  <testcase classname="TestNGParameterizationDataprovider.NewLoginTest" name="testLogin" time="0.022"/>
  <system-out/>
  <testcase classname="TestNGParameterizationDataprovider.NewLoginTest" name="testUserReg" time="0.007"/>
  <system-out/>
  <testcase classname="TestNGParameterizationDataprovider.NewLoginTest" name="testUserReg" time="0.007"/>
  <system-out/>
</testsuite> <!-- TestNGParameterizationDataprovider.NewLoginTest -->
